<?xml version="1.0" encoding="UTF-8"?>
<robot generator="Robot 7.3.2 (Python 3.14.0 on win32)" generated="2025-12-10T20:40:49.455428" rpa="false" schemaversion="5">
<suite id="s1" name="Test" source="C:\Microservices\test.robot">
<test id="s1-t1" name="Test Exemple" line="2">
<kw name="Log" owner="BuiltIn">
<msg time="2025-12-10T20:40:49.552661" level="INFO">Hello Robot!</msg>
<arg>Hello Robot!</arg>
<doc>Logs the given message with the given level.</doc>
<status status="PASS" start="2025-12-10T20:40:49.551853" elapsed="0.003410"/>
</kw>
<status status="PASS" start="2025-12-10T20:40:49.550017" elapsed="0.005862"/>
</test>
<status status="PASS" start="2025-12-10T20:40:49.487270" elapsed="0.070211"/>
</suite>
<statistics>
<total>
<stat pass="1" fail="0" skip="0">All Tests</stat>
</total>
<tag>
</tag>
<suite>
<stat name="Test" id="s1" pass="1" fail="0" skip="0">Test</stat>
</suite>
</statistics>
<errors>
</errors>
</robot>
